  CustomContainers.cpp
C:\LaSalle 2Year\Algorithms and Data\Algorithm_and_Data\CustomContainers\CustomContainers\CustomContainers.cpp(28,23): warning C4267: '=': conversion from 'size_t' to 'T', possible loss of data
C:\LaSalle 2Year\Algorithms and Data\Algorithm_and_Data\CustomContainers\CustomContainers\CustomContainers.cpp(28,23): warning C4267:         with
C:\LaSalle 2Year\Algorithms and Data\Algorithm_and_Data\CustomContainers\CustomContainers\CustomContainers.cpp(28,23): warning C4267:         [
C:\LaSalle 2Year\Algorithms and Data\Algorithm_and_Data\CustomContainers\CustomContainers\CustomContainers.cpp(28,23): warning C4267:             T=int
C:\LaSalle 2Year\Algorithms and Data\Algorithm_and_Data\CustomContainers\CustomContainers\CustomContainers.cpp(28,23): warning C4267:         ]
C:\LaSalle 2Year\Algorithms and Data\Algorithm_and_Data\CustomContainers\CustomContainers\CustomContainers.cpp(40,29): warning C4267: 'argument': conversion from 'size_t' to 'const T', possible loss of data
C:\LaSalle 2Year\Algorithms and Data\Algorithm_and_Data\CustomContainers\CustomContainers\CustomContainers.cpp(40,29): warning C4267:         with
C:\LaSalle 2Year\Algorithms and Data\Algorithm_and_Data\CustomContainers\CustomContainers\CustomContainers.cpp(40,29): warning C4267:         [
C:\LaSalle 2Year\Algorithms and Data\Algorithm_and_Data\CustomContainers\CustomContainers\CustomContainers.cpp(40,29): warning C4267:             T=int
C:\LaSalle 2Year\Algorithms and Data\Algorithm_and_Data\CustomContainers\CustomContainers\CustomContainers.cpp(40,29): warning C4267:         ]
C:\LaSalle 2Year\Algorithms and Data\Algorithm_and_Data\CustomContainers\CustomContainers\Map.h(55,13): warning C4267: 'initializing': conversion from 'size_t' to 'int', possible loss of data
  (compiling source file 'CustomContainers.cpp')
      C:\LaSalle 2Year\Algorithms and Data\Algorithm_and_Data\CustomContainers\CustomContainers\Map.h(55,13):
      the template instantiation context (the oldest one first) is
          C:\LaSalle 2Year\Algorithms and Data\Algorithm_and_Data\CustomContainers\CustomContainers\CustomContainers.cpp(113,16):
          see reference to class template instantiation 'Map<int,int>' being compiled
          C:\LaSalle 2Year\Algorithms and Data\Algorithm_and_Data\CustomContainers\CustomContainers\Map.h(53,7):
          while compiling class template member function 'bool Map<int,int>::Remove(const KeyType &)'
          with
          [
              KeyType=int
          ]
              C:\LaSalle 2Year\Algorithms and Data\Algorithm_and_Data\CustomContainers\CustomContainers\CustomContainers.cpp(133,14):
              see the first reference to 'Map<int,int>::Remove' in 'main'
  
C:\LaSalle 2Year\Algorithms and Data\Algorithm_and_Data\CustomContainers\CustomContainers\PriorityQueue.h(24,20): warning C4267: 'argument': conversion from 'size_t' to 'int', possible loss of data
  (compiling source file 'CustomContainers.cpp')
      C:\LaSalle 2Year\Algorithms and Data\Algorithm_and_Data\CustomContainers\CustomContainers\PriorityQueue.h(24,20):
      the template instantiation context (the oldest one first) is
          C:\LaSalle 2Year\Algorithms and Data\Algorithm_and_Data\CustomContainers\CustomContainers\CustomContainers.cpp(72,24):
          see reference to class template instantiation 'PriorityQueue<int>' being compiled
          C:\LaSalle 2Year\Algorithms and Data\Algorithm_and_Data\CustomContainers\CustomContainers\PriorityQueue.h(21,7):
          while compiling class template member function 'void PriorityQueue<int>::Push(const T &)'
          with
          [
              T=int
          ]
              C:\LaSalle 2Year\Algorithms and Data\Algorithm_and_Data\CustomContainers\CustomContainers\CustomContainers.cpp(76,27):
              see the first reference to 'PriorityQueue<int>::Push' in 'Class4'
  
  CustomContainers.vcxproj -> C:\LaSalle 2Year\Algorithms and Data\Algorithm_and_Data\CustomContainers\x64\Debug\CustomContainers.exe
